<?xml version="1.0" encoding="UTF-8"?>
<!-- Generated by org.testng.reporters.JUnitXMLReporter -->
<testsuite ignored="0" hostname="DESKTOP-73RFGMK" failures="0" tests="1" name="Test" time="0.322" errors="0" timestamp="2023-08-14T21:47:27 IST">
  <testcase classname="testBase.BaseClass" name="@BeforeClass setup" time="-1.692029847431E9">
    <failure type="org.testng.TestNGException" message="
Parameter &amp;apos;browser&amp;apos; is required by BeforeClass on method setup but has not been marked @Optional or defined
in F:\opencart_aug10\Master.xml">
      <![CDATA[org.testng.TestNGException: 
Parameter 'browser' is required by BeforeClass on method setup but has not been marked @Optional or defined
in F:\opencart_aug10\Master.xml
at java.base/java.util.ArrayList.forEach(ArrayList.java:1511)
... Removed 22 stack frames]]>
    </failure>
  </testcase> <!-- @BeforeClass setup -->
  <testcase classname="testBase.BaseClass" name="@AfterClass tearDown" time="0.0">
    <skipped/>
  </testcase> <!-- @AfterClass tearDown -->
  <testcase classname="testCases.TC_001_AccountRegistration" name="Test_accountRegistration" time="0.0">
    <skipped/>
  </testcase> <!-- Test_accountRegistration -->
</testsuite> <!-- Test -->
